 source:LV-trab-wrap-1.0-0.8.dat
 target:myTemplate.dat
 Mean:
 X
   136.431472800000       -140.907051075000        68.1015262625000     
 Y
  0.159559612427975       1.052580719902499E-002 -4.159516035675000E-004
 
 Variance
 X
   132.914521050154     
 Y
  0.222675015832402     
 
 Covariance
  0.702650441704973      -0.829394274477148       0.213816316217115     
  -1.40084571656634       0.226698850992906        4.01865361545611     
 -2.060507819219553E-003  2.432091289868756E-003 -6.273698156229785E-004
 
 Det:  1.928681467268541E-004
 Affine Transformation:
 Rotation:
  0.616136322070990      -0.749367963790706       0.242535950879460     
 -0.320263667074974       4.296776827968031E-002  0.946353503951221     
 -0.719588226819007      -0.660758220329671      -0.213521329356677     
 
 Scaling:
  4.038509388134022E-002
 
 Translation:
  -8.16658205607613      -0.583119431710288       0.791540493261128     
 
